<?xml version="1.0" encoding="UTF-8"?>
<!-- Generated by org.testng.reporters.JUnitXMLReporter -->
<testsuite ignored="0" hostname="RayofHope" failures="0" tests="1" name="Default test" time="0.092" errors="0" timestamp="2024-07-25T13:12:50 IST">
  <testcase classname="com.ttn.Builder.BaseLib" name="@BeforeSuite setAccessToken" time="-1.72189337017E9">
    <failure type="org.testng.TestNGException" message="
Parameter &amp;apos;Environment&amp;apos; is required by BeforeSuite on method setAccessToken but has not been marked @Optional or defined
in C:\Users\91956\AppData\Local\Temp\testng-eclipse--1789667536\testng-customsuite.xml">
      <![CDATA[org.testng.TestNGException: 
Parameter 'Environment' is required by BeforeSuite on method setAccessToken but has not been marked @Optional or defined
in C:\Users\91956\AppData\Local\Temp\testng-eclipse--1789667536\testng-customsuite.xml
at org.testng.internal.Parameters.createParams(Parameters.java:272)
at org.testng.internal.Parameters.createParametersForMethod(Parameters.java:360)
at org.testng.internal.Parameters.createParameters(Parameters.java:704)
at org.testng.internal.Parameters.createConfigurationParameters(Parameters.java:166)
at org.testng.internal.ConfigInvoker.invokeConfigurations(ConfigInvoker.java:283)
at org.testng.SuiteRunner.privateRun(SuiteRunner.java:327)
at org.testng.SuiteRunner.run(SuiteRunner.java:286)
at org.testng.SuiteRunnerWorker.runSuite(SuiteRunnerWorker.java:53)
at org.testng.SuiteRunnerWorker.run(SuiteRunnerWorker.java:96)
at org.testng.TestNG.runSuitesSequentially(TestNG.java:1187)
at org.testng.TestNG.runSuitesLocally(TestNG.java:1109)
at org.testng.TestNG.runSuites(TestNG.java:1039)
at org.testng.TestNG.run(TestNG.java:1007)
at org.testng.remote.AbstractRemoteTestNG.run(AbstractRemoteTestNG.java:115)
at org.testng.remote.RemoteTestNG.initAndRun(RemoteTestNG.java:251)
at org.testng.remote.RemoteTestNG.main(RemoteTestNG.java:77)
]]>
    </failure>
  </testcase> <!-- @BeforeSuite setAccessToken -->
  <testcase classname="com.ttn.Builder.BaseLib" name="@AfterTest tearDown" time="-1.72189337027E9">
    <skipped/>
  </testcase> <!-- @AfterTest tearDown -->
  <testcase classname="com.ttn.TestCases.FMP.SendOTPTest" name="sendOTP_ValidInput" time="0.0">
    <skipped/>
  </testcase> <!-- sendOTP_ValidInput -->
</testsuite> <!-- Default test -->
